<?xml version="1.0" encoding="UTF-8"?>
<!-- Generated by org.testng.reporters.JUnitXMLReporter -->
<testsuite hostname="DESKTOP-FE52VAJ" ignored="0" name="LoginTest" tests="1" failures="0" timestamp="19 Apr 2018 16:24:03 GMT" time="0.026" errors="0">
  <testcase name="@BeforeSuite setup" time="0.001" classname="com.facebook.Login">
    <failure type="java.io.FileNotFoundException" message="C:\Users\Priyanka\eclipse-July22\com.wallethub\src\properties\Config.properties (The system cannot find the path specified)">
      <![CDATA[java.io.FileNotFoundException: C:\Users\Priyanka\eclipse-July22\com.wallethub\src\properties\Config.properties (The system cannot find the path specified)
	at java.io.FileInputStream.open0(Native Method)
	at java.io.FileInputStream.open(FileInputStream.java:195)
	at java.io.FileInputStream.<init>(FileInputStream.java:138)
	at java.io.FileInputStream.<init>(FileInputStream.java:93)
	at com.facebook.Login.setup(Login.java:32)
... Removed 19 stack frames]]>
    </failure>
  </testcase> <!-- @BeforeSuite setup -->
  <testcase name="login" time="0.0" classname="testcases.LoginTestCase">
    <skipped/>
  </testcase> <!-- login -->
</testsuite> <!-- LoginTest -->
